<?xml version="1.0" encoding="UTF-8"?>
<testsuite xmlns:xsi="http://www.w3.org/2001/XMLSchema-instance" xsi:noNamespaceSchemaLocation="https://maven.apache.org/surefire/maven-surefire-plugin/xsd/surefire-test-report.xsd" name="br.ufc.tpii.vmsys.exceptions.VmSysExceptionsTest" time="0.055" tests="3" errors="0" skipped="0" failures="0">
  <properties>
[...]
</properties>
  <testcase name="InsufficientFundsTest" classname="br.ufc.tpii.vmsys.exceptions.VmSysExceptionsTest" time="0.031"/>
  <testcase name="OutOfStockTest" classname="br.ufc.tpii.vmsys.exceptions.VmSysExceptionsTest" time="0.001"/>
  <testcase name="InvalidSelectionTest" classname="br.ufc.tpii.vmsys.exceptions.VmSysExceptionsTest" time="0"/>
</testsuite>